09-07 17:36:41 com_github_MitjaNemec_PlaceFootprints.action_place_footprints 674:Plugin executed on: 'win32'
09-07 17:36:41 com_github_MitjaNemec_PlaceFootprints.action_place_footprints 675:Plugin executed with python version: '3.11.5 (main, Jun 15 2025, 06:45:45) [MSC v.1942 64 bit (AMD64)]'
09-07 17:36:41 com_github_MitjaNemec_PlaceFootprints.action_place_footprints 676:KiCad build version: 9.0.4
09-07 17:36:41 com_github_MitjaNemec_PlaceFootprints.action_place_footprints 677:Plugin version: 4.0.1
09-07 17:36:41 com_github_MitjaNemec_PlaceFootprints.action_place_footprints 678:Frame repr: <wx._core.Frame object at 0x000001E4C9E044C0>
09-07 17:36:41 com_github_MitjaNemec_PlaceFootprints.place_footprints 121:getting a list of all footprints on board
09-07 17:36:41 com_github_MitjaNemec_PlaceFootprints.place_footprints 156:Footprint U1 on root level
09-07 17:36:41 com_github_MitjaNemec_PlaceFootprints.place_footprints 156:Footprint SW2 on root level
09-07 17:36:41 com_github_MitjaNemec_PlaceFootprints.place_footprints 156:Footprint SW1 on root level
09-07 17:36:41 com_github_MitjaNemec_PlaceFootprints.place_footprints 156:Footprint R1 on root level
09-07 17:36:41 com_github_MitjaNemec_PlaceFootprints.place_footprints 156:Footprint J5 on root level
09-07 17:36:41 com_github_MitjaNemec_PlaceFootprints.place_footprints 156:Footprint J4 on root level
09-07 17:36:41 com_github_MitjaNemec_PlaceFootprints.place_footprints 156:Footprint J3 on root level
09-07 17:36:41 com_github_MitjaNemec_PlaceFootprints.place_footprints 156:Footprint J2 on root level
09-07 17:36:41 com_github_MitjaNemec_PlaceFootprints.place_footprints 156:Footprint J1 on root level
09-07 17:36:41 com_github_MitjaNemec_PlaceFootprints.place_footprints 156:Footprint C2 on root level
09-07 17:36:41 com_github_MitjaNemec_PlaceFootprints.place_footprints 156:Footprint C1 on root level
09-07 17:36:41 com_github_MitjaNemec_PlaceFootprints.action_place_footprints 717:Reference footprint='IC6'
09-07 17:37:07 com_github_MitjaNemec_PlaceFootprints.action_place_footprints 858:Reference designator is: IC
09-07 17:37:07 com_github_MitjaNemec_PlaceFootprints.action_place_footprints 859:Reference number is: 6
09-07 17:37:07 com_github_MitjaNemec_PlaceFootprints.action_place_footprints 891:Sorted and filtered list:
['IC1', 'IC2', 'IC3', 'IC4', 'IC5', 'IC6']
09-07 17:37:07 com_github_MitjaNemec_PlaceFootprints.action_place_footprints 376:wx.Colour(240, 240, 240, 255)
09-07 17:37:13 com_github_MitjaNemec_PlaceFootprints.action_place_footprints 507:''
09-07 17:37:14 com_github_MitjaNemec_PlaceFootprints.action_place_footprints 507:''
